<?xml version="1.0" encoding="UTF-8"?>
<testsuite xmlns:xsi="http://www.w3.org/2001/XMLSchema-instance" xsi:noNamespaceSchemaLocation="https://maven.apache.org/surefire/maven-surefire-plugin/xsd/surefire-test-report-3.0.xsd" version="3.0" name="BlocServiceImplTest" time="2.677" tests="2" errors="0" skipped="0" failures="0">
  <properties>
[...]
</properties>
  <testcase name="testRetrieveAllBlocs" classname="BlocServiceImplTest" time="2.591">
    <system-out><![CDATA[15:20:10.038 [main] INFO tn.esprit.tpfoyer.service.BlocServiceImpl -- taille totale : 2
15:20:10.048 [main] INFO tn.esprit.tpfoyer.service.BlocServiceImpl -- Bloc : Bloc(idBloc=0, nomBloc=null, capaciteBloc=0, foyer=null)
15:20:10.048 [main] INFO tn.esprit.tpfoyer.service.BlocServiceImpl -- Bloc : Bloc(idBloc=0, nomBloc=null, capaciteBloc=0, foyer=null)
]]></system-out>
    <system-err><![CDATA[WARNING: A Java agent has been loaded dynamically (C:\Users\emna\.m2\repository\net\bytebuddy\byte-buddy-agent\1.14.19\byte-buddy-agent-1.14.19.jar)
WARNING: If a serviceability tool is in use, please run with -XX:+EnableDynamicAgentLoading to hide this warning
WARNING: If a serviceability tool is not in use, please run with -Djdk.instrument.traceUsage for more information
WARNING: Dynamic loading of agents will be disallowed by default in a future release
]]></system-err>
  </testcase>
  <testcase name="testAddBloc" classname="BlocServiceImplTest" time="0.013"/>
</testsuite>